# JRE version: OpenJDK Runtime Environment (8.0_242-b01) (build 1.8.0_242-release-1644-b01)
# Java VM: OpenJDK 64-Bit Server VM (25.242-b01 mixed mode windows-amd64 compressed oops)
Heap:
 PSYoungGen      total 348160K, used 44325K [0x00000000d5580000, 0x00000000efd80000, 0x0000000100000000)
  eden space 292864K, 12% used [0x00000000d5580000,0x00000000d790c228,0x00000000e7380000)
  from space 55296K, 14% used [0x00000000e7380000,0x00000000e7b3d1f0,0x00000000ea980000)
  to   space 48640K, 0% used [0x00000000ece00000,0x00000000ece00000,0x00000000efd80000)
 ParOldGen       total 212992K, used 148007K [0x0000000080000000, 0x000000008d000000, 0x00000000d5580000)
  object space 212992K, 69% used [0x0000000080000000,0x0000000089089c10,0x000000008d000000)
 Metaspace       used 104937K, capacity 111226K, committed 111448K, reserved 1146880K
  class space    used 13654K, capacity 14929K, committed 14976K, reserved 1048576K
GC Heap History (10 events):
Event: 2048.114 GC heap before
{Heap before GC invocations=29 (full 4):
 PSYoungGen      total 348160K, used 297948K [0x00000000d5580000, 0x00000000ee200000, 0x0000000100000000)
  eden space 292864K, 100% used [0x00000000d5580000,0x00000000e7380000,0x00000000e7380000)
  from space 55296K, 9% used [0x00000000ea980000,0x00000000eae771a0,0x00000000edf80000)
  to   space 55296K, 0% used [0x00000000e7380000,0x00000000e7380000,0x00000000ea980000)
 ParOldGen       total 212992K, used 127603K [0x0000000080000000, 0x000000008d000000, 0x00000000d5580000)
  object space 212992K, 59% used [0x0000000080000000,0x0000000087c9cca8,0x000000008d000000)
 Metaspace       used 103649K, capacity 109530K, committed 109784K, reserved 1144832K
  class space    used 13488K, capacity 14691K, committed 14848K, reserved 1048576K
Event: 2048.157 GC heap after
Heap after GC invocations=29 (full 4):
 PSYoungGen      total 348160K, used 5483K [0x00000000d5580000, 0x00000000ee200000, 0x0000000100000000)
  eden space 292864K, 0% used [0x00000000d5580000,0x00000000d5580000,0x00000000e7380000)
  from space 55296K, 9% used [0x00000000e7380000,0x00000000e78daf38,0x00000000ea980000)
  to   space 55296K, 0% used [0x00000000ea980000,0x00000000ea980000,0x00000000edf80000)
 ParOldGen       total 212992K, used 131438K [0x0000000080000000, 0x000000008d000000, 0x00000000d5580000)
  object space 212992K, 61% used [0x0000000080000000,0x000000008805bb60,0x000000008d000000)
 Metaspace       used 103649K, capacity 109530K, committed 109784K, reserved 1144832K
  class space    used 13488K, capacity 14691K, committed 14848K, reserved 1048576K
}
Event: 2049.832 GC heap before
{Heap before GC invocations=30 (full 4):
 PSYoungGen      total 348160K, used 298347K [0x00000000d5580000, 0x00000000ee200000, 0x0000000100000000)
  eden space 292864K, 100% used [0x00000000d5580000,0x00000000e7380000,0x00000000e7380000)
  from space 55296K, 9% used [0x00000000e7380000,0x00000000e78daf38,0x00000000ea980000)
  to   space 55296K, 0% used [0x00000000ea980000,0x00000000ea980000,0x00000000edf80000)
 ParOldGen       total 212992K, used 131438K [0x0000000080000000, 0x000000008d000000, 0x00000000d5580000)
  object space 212992K, 61% used [0x0000000080000000,0x000000008805bb60,0x000000008d000000)
 Metaspace       used 103704K, capacity 109606K, committed 109784K, reserved 1144832K
  class space    used 13488K, capacity 14691K, committed 14848K, reserved 1048576K
Event: 2049.883 GC heap after
Heap after GC invocations=30 (full 4):
 PSYoungGen      total 348160K, used 5240K [0x00000000d5580000, 0x00000000ee200000, 0x0000000100000000)
  eden space 292864K, 0% used [0x00000000d5580000,0x00000000d5580000,0x00000000e7380000)
  from space 55296K, 9% used [0x00000000ea980000,0x00000000eae9e3c0,0x00000000edf80000)
  to   space 55296K, 0% used [0x00000000e7380000,0x00000000e7380000,0x00000000ea980000)
 ParOldGen       total 212992K, used 136312K [0x0000000080000000, 0x000000008d000000, 0x00000000d5580000)
  object space 212992K, 63% used [0x0000000080000000,0x000000008851e038,0x000000008d000000)
 Metaspace       used 103704K, capacity 109606K, committed 109784K, reserved 1144832K
  class space    used 13488K, capacity 14691K, committed 14848K, reserved 1048576K
}
Event: 2051.337 GC heap before
{Heap before GC invocations=31 (full 4):
 PSYoungGen      total 348160K, used 298104K [0x00000000d5580000, 0x00000000ee200000, 0x0000000100000000)
  eden space 292864K, 100% used [0x00000000d5580000,0x00000000e7380000,0x00000000e7380000)
  from space 55296K, 9% used [0x00000000ea980000,0x00000000eae9e3c0,0x00000000edf80000)
  to   space 55296K, 0% used [0x00000000e7380000,0x00000000e7380000,0x00000000ea980000)
 ParOldGen       total 212992K, used 136312K [0x0000000080000000, 0x000000008d000000, 0x00000000d5580000)
  object space 212992K, 63% used [0x0000000080000000,0x000000008851e038,0x000000008d000000)
 Metaspace       used 103729K, capacity 109618K, committed 109784K, reserved 1144832K
  class space    used 13489K, capacity 14693K, committed 14848K, reserved 1048576K
Event: 2051.377 GC heap after
Heap after GC invocations=31 (full 4):
 PSYoungGen      total 348160K, used 5125K [0x00000000d5580000, 0x00000000ee200000, 0x0000000100000000)
  eden space 292864K, 0% used [0x00000000d5580000,0x00000000d5580000,0x00000000e7380000)
  from space 55296K, 9% used [0x00000000e7380000,0x00000000e7881720,0x00000000ea980000)
  to   space 55296K, 0% used [0x00000000ea980000,0x00000000ea980000,0x00000000edf80000)
 ParOldGen       total 212992K, used 140617K [0x0000000080000000, 0x000000008d000000, 0x00000000d5580000)
  object space 212992K, 66% used [0x0000000080000000,0x00000000889524d8,0x000000008d000000)
 Metaspace       used 103729K, capacity 109618K, committed 109784K, reserved 1144832K
  class space    used 13489K, capacity 14693K, committed 14848K, reserved 1048576K
}
Event: 2052.907 GC heap before
{Heap before GC invocations=32 (full 4):
 PSYoungGen      total 348160K, used 297989K [0x00000000d5580000, 0x00000000ee200000, 0x0000000100000000)
  eden space 292864K, 100% used [0x00000000d5580000,0x00000000e7380000,0x00000000e7380000)
  from space 55296K, 9% used [0x00000000e7380000,0x00000000e7881720,0x00000000ea980000)
  to   space 55296K, 0% used [0x00000000ea980000,0x00000000ea980000,0x00000000edf80000)
 ParOldGen       total 212992K, used 140617K [0x0000000080000000, 0x000000008d000000, 0x00000000d5580000)
  object space 212992K, 66% used [0x0000000080000000,0x00000000889524d8,0x000000008d000000)
 Metaspace       used 103954K, capacity 109976K, committed 110296K, reserved 1144832K
  class space    used 13527K, capacity 14718K, committed 14848K, reserved 1048576K
Event: 2052.960 GC heap after
Heap after GC invocations=32 (full 4):
 PSYoungGen      total 348160K, used 5500K [0x00000000d5580000, 0x00000000ee200000, 0x0000000100000000)
  eden space 292864K, 0% used [0x00000000d5580000,0x00000000d5580000,0x00000000e7380000)
  from space 55296K, 9% used [0x00000000ea980000,0x00000000eaedf368,0x00000000edf80000)
  to   space 55296K, 0% used [0x00000000e7380000,0x00000000e7380000,0x00000000ea980000)
 ParOldGen       total 212992K, used 144933K [0x0000000080000000, 0x000000008d000000, 0x00000000d5580000)
  object space 212992K, 68% used [0x0000000080000000,0x0000000088d89770,0x000000008d000000)
 Metaspace       used 103954K, capacity 109976K, committed 110296K, reserved 1144832K
  class space    used 13527K, capacity 14718K, committed 14848K, reserved 1048576K
}
Event: 2054.693 GC heap before
{Heap before GC invocations=33 (full 4):
 PSYoungGen      total 348160K, used 298364K [0x00000000d5580000, 0x00000000ee200000, 0x0000000100000000)
  eden space 292864K, 100% used [0x00000000d5580000,0x00000000e7380000,0x00000000e7380000)
  from space 55296K, 9% used [0x00000000ea980000,0x00000000eaedf368,0x00000000edf80000)
  to   space 55296K, 0% used [0x00000000e7380000,0x00000000e7380000,0x00000000ea980000)
 ParOldGen       total 212992K, used 144933K [0x0000000080000000, 0x000000008d000000, 0x00000000d5580000)
  object space 212992K, 68% used [0x0000000080000000,0x0000000088d89770,0x000000008d000000)
 Metaspace       used 104930K, capacity 111194K, committed 111448K, reserved 1146880K
  class space    used 13652K, capacity 14897K, committed 14976K, reserved 1048576K
Event: 2054.720 GC heap after
Heap after GC invocations=33 (full 4):
 PSYoungGen      total 348160K, used 7924K [0x00000000d5580000, 0x00000000efd80000, 0x0000000100000000)
  eden space 292864K, 0% used [0x00000000d5580000,0x00000000d5580000,0x00000000e7380000)
  from space 55296K, 14% used [0x00000000e7380000,0x00000000e7b3d1f0,0x00000000ea980000)
  to   space 48640K, 0% used [0x00000000ece00000,0x00000000ece00000,0x00000000efd80000)
 ParOldGen       total 212992K, used 148007K [0x0000000080000000, 0x000000008d000000, 0x00000000d5580000)
  object space 212992K, 69% used [0x0000000080000000,0x0000000089089c10,0x000000008d000000)
 Metaspace       used 104930K, capacity 111194K, committed 111448K, reserved 1146880K
  class space    used 13652K, capacity 14897K, committed 14976K, reserved 1048576K
}

