# JRE version: OpenJDK Runtime Environment (8.0_242-b01) (build 1.8.0_242-release-1644-b01)
# Java VM: OpenJDK 64-Bit Server VM (25.242-b01 mixed mode windows-amd64 compressed oops)
Heap:
 PSYoungGen      total 646144K, used 417699K [0x00000000d5580000, 0x00000000ffc80000, 0x0000000100000000)
  eden space 601088K, 65% used [0x00000000d5580000,0x00000000ed753a08,0x00000000fa080000)
  from space 45056K, 50% used [0x00000000fd080000,0x00000000fe6954a8,0x00000000ffc80000)
  to   space 47104K, 0% used [0x00000000fa080000,0x00000000fa080000,0x00000000fce80000)
 ParOldGen       total 217600K, used 173797K [0x0000000080000000, 0x000000008d480000, 0x00000000d5580000)
  object space 217600K, 79% used [0x0000000080000000,0x000000008a9b95d0,0x000000008d480000)
 Metaspace       used 103776K, capacity 109349K, committed 109528K, reserved 1144832K
  class space    used 13656K, capacity 14756K, committed 14848K, reserved 1048576K
GC Heap History (10 events):
Event: 1685.565 GC heap before
{Heap before GC invocations=28 (full 4):
 PSYoungGen      total 413184K, used 365170K [0x00000000d5580000, 0x00000000f7480000, 0x0000000100000000)
  eden space 358400K, 100% used [0x00000000d5580000,0x00000000eb380000,0x00000000eb380000)
  from space 54784K, 12% used [0x00000000eb380000,0x00000000eba1cab8,0x00000000ee900000)
  to   space 53760K, 0% used [0x00000000f4000000,0x00000000f4000000,0x00000000f7480000)
 ParOldGen       total 217600K, used 137741K [0x0000000080000000, 0x000000008d480000, 0x00000000d5580000)
  object space 217600K, 63% used [0x0000000080000000,0x00000000886835a0,0x000000008d480000)
 Metaspace       used 102198K, capacity 107447K, committed 107736K, reserved 1142784K
  class space    used 13488K, capacity 14549K, committed 14592K, reserved 1048576K
Event: 1685.650 GC heap after
Heap after GC invocations=28 (full 4):
 PSYoungGen      total 501248K, used 6246K [0x00000000d5580000, 0x00000000f7300000, 0x0000000100000000)
  eden space 449024K, 0% used [0x00000000d5580000,0x00000000d5580000,0x00000000f0c00000)
  from space 52224K, 11% used [0x00000000f4000000,0x00000000f4619830,0x00000000f7300000)
  to   space 52736K, 0% used [0x00000000f0c00000,0x00000000f0c00000,0x00000000f3f80000)
 ParOldGen       total 217600K, used 143087K [0x0000000080000000, 0x000000008d480000, 0x00000000d5580000)
  object space 217600K, 65% used [0x0000000080000000,0x0000000088bbbef0,0x000000008d480000)
 Metaspace       used 102198K, capacity 107447K, committed 107736K, reserved 1142784K
  class space    used 13488K, capacity 14549K, committed 14592K, reserved 1048576K
}
Event: 1688.154 GC heap before
{Heap before GC invocations=29 (full 4):
 PSYoungGen      total 501248K, used 455270K [0x00000000d5580000, 0x00000000f7300000, 0x0000000100000000)
  eden space 449024K, 100% used [0x00000000d5580000,0x00000000f0c00000,0x00000000f0c00000)
  from space 52224K, 11% used [0x00000000f4000000,0x00000000f4619830,0x00000000f7300000)
  to   space 52736K, 0% used [0x00000000f0c00000,0x00000000f0c00000,0x00000000f3f80000)
 ParOldGen       total 217600K, used 143087K [0x0000000080000000, 0x000000008d480000, 0x00000000d5580000)
  object space 217600K, 65% used [0x0000000080000000,0x0000000088bbbef0,0x000000008d480000)
 Metaspace       used 103392K, capacity 109023K, committed 109272K, reserved 1144832K
  class space    used 13652K, capacity 14753K, committed 14848K, reserved 1048576K
Event: 1688.297 GC heap after
Heap after GC invocations=29 (full 4):
 PSYoungGen      total 501760K, used 7470K [0x00000000d5580000, 0x00000000fc580000, 0x0000000100000000)
  eden space 449024K, 0% used [0x00000000d5580000,0x00000000d5580000,0x00000000f0c00000)
  from space 52736K, 14% used [0x00000000f0c00000,0x00000000f134bb80,0x00000000f3f80000)
  to   space 51200K, 0% used [0x00000000f9380000,0x00000000f9380000,0x00000000fc580000)
 ParOldGen       total 217600K, used 147547K [0x0000000080000000, 0x000000008d480000, 0x00000000d5580000)
  object space 217600K, 67% used [0x0000000080000000,0x0000000089016dc0,0x000000008d480000)
 Metaspace       used 103392K, capacity 109023K, committed 109272K, reserved 1144832K
  class space    used 13652K, capacity 14753K, committed 14848K, reserved 1048576K
}
Event: 1691.256 GC heap before
{Heap before GC invocations=30 (full 4):
 PSYoungGen      total 501760K, used 456494K [0x00000000d5580000, 0x00000000fc580000, 0x0000000100000000)
  eden space 449024K, 100% used [0x00000000d5580000,0x00000000f0c00000,0x00000000f0c00000)
  from space 52736K, 14% used [0x00000000f0c00000,0x00000000f134bb80,0x00000000f3f80000)
  to   space 51200K, 0% used [0x00000000f9380000,0x00000000f9380000,0x00000000fc580000)
 ParOldGen       total 217600K, used 147547K [0x0000000080000000, 0x000000008d480000, 0x00000000d5580000)
  object space 217600K, 67% used [0x0000000080000000,0x0000000089016dc0,0x000000008d480000)
 Metaspace       used 103623K, capacity 109163K, committed 109272K, reserved 1144832K
  class space    used 13654K, capacity 14753K, committed 14848K, reserved 1048576K
Event: 1691.359 GC heap after
Heap after GC invocations=30 (full 4):
 PSYoungGen      total 579584K, used 21103K [0x00000000d5580000, 0x00000000fbf80000, 0x0000000100000000)
  eden space 534528K, 0% used [0x00000000d5580000,0x00000000d5580000,0x00000000f5f80000)
  from space 45056K, 46% used [0x00000000f9380000,0x00000000fa81bd90,0x00000000fbf80000)
  to   space 49152K, 0% used [0x00000000f5f80000,0x00000000f5f80000,0x00000000f8f80000)
 ParOldGen       total 217600K, used 152840K [0x0000000080000000, 0x000000008d480000, 0x00000000d5580000)
  object space 217600K, 70% used [0x0000000080000000,0x00000000895420d8,0x000000008d480000)
 Metaspace       used 103623K, capacity 109163K, committed 109272K, reserved 1144832K
  class space    used 13654K, capacity 14753K, committed 14848K, reserved 1048576K
}
Event: 1693.874 GC heap before
{Heap before GC invocations=31 (full 4):
 PSYoungGen      total 579584K, used 555631K [0x00000000d5580000, 0x00000000fbf80000, 0x0000000100000000)
  eden space 534528K, 100% used [0x00000000d5580000,0x00000000f5f80000,0x00000000f5f80000)
  from space 45056K, 46% used [0x00000000f9380000,0x00000000fa81bd90,0x00000000fbf80000)
  to   space 49152K, 0% used [0x00000000f5f80000,0x00000000f5f80000,0x00000000f8f80000)
 ParOldGen       total 217600K, used 152840K [0x0000000080000000, 0x000000008d480000, 0x00000000d5580000)
  object space 217600K, 70% used [0x0000000080000000,0x00000000895420d8,0x000000008d480000)
 Metaspace       used 103667K, capacity 109251K, committed 109528K, reserved 1144832K
  class space    used 13654K, capacity 14753K, committed 14848K, reserved 1048576K
Event: 1693.983 GC heap after
Heap after GC invocations=31 (full 4):
 PSYoungGen      total 583680K, used 24738K [0x00000000d5580000, 0x0000000100000000, 0x0000000100000000)
  eden space 534528K, 0% used [0x00000000d5580000,0x00000000d5580000,0x00000000f5f80000)
  from space 49152K, 50% used [0x00000000f5f80000,0x00000000f77a8a58,0x00000000f8f80000)
  to   space 48640K, 0% used [0x00000000fd080000,0x00000000fd080000,0x0000000100000000)
 ParOldGen       total 217600K, used 165382K [0x0000000080000000, 0x000000008d480000, 0x00000000d5580000)
  object space 217600K, 76% used [0x0000000080000000,0x000000008a181a78,0x000000008d480000)
 Metaspace       used 103667K, capacity 109251K, committed 109528K, reserved 1144832K
  class space    used 13654K, capacity 14753K, committed 14848K, reserved 1048576K
}
Event: 1698.989 GC heap before
{Heap before GC invocations=32 (full 4):
 PSYoungGen      total 583680K, used 559266K [0x00000000d5580000, 0x0000000100000000, 0x0000000100000000)
  eden space 534528K, 100% used [0x00000000d5580000,0x00000000f5f80000,0x00000000f5f80000)
  from space 49152K, 50% used [0x00000000f5f80000,0x00000000f77a8a58,0x00000000f8f80000)
  to   space 48640K, 0% used [0x00000000fd080000,0x00000000fd080000,0x0000000100000000)
 ParOldGen       total 217600K, used 165382K [0x0000000080000000, 0x000000008d480000, 0x00000000d5580000)
  object space 217600K, 76% used [0x0000000080000000,0x000000008a181a78,0x000000008d480000)
 Metaspace       used 103743K, capacity 109329K, committed 109528K, reserved 1144832K
  class space    used 13655K, capacity 14754K, committed 14848K, reserved 1048576K
Event: 1699.072 GC heap after
Heap after GC invocations=32 (full 4):
 PSYoungGen      total 646144K, used 22613K [0x00000000d5580000, 0x00000000ffc80000, 0x0000000100000000)
  eden space 601088K, 0% used [0x00000000d5580000,0x00000000d5580000,0x00000000fa080000)
  from space 45056K, 50% used [0x00000000fd080000,0x00000000fe6954a8,0x00000000ffc80000)
  to   space 47104K, 0% used [0x00000000fa080000,0x00000000fa080000,0x00000000fce80000)
 ParOldGen       total 217600K, used 173797K [0x0000000080000000, 0x000000008d480000, 0x00000000d5580000)
  object space 217600K, 79% used [0x0000000080000000,0x000000008a9b95d0,0x000000008d480000)
 Metaspace       used 103743K, capacity 109329K, committed 109528K, reserved 1144832K
  class space    used 13655K, capacity 14754K, committed 14848K, reserved 1048576K
}

