# JRE version: OpenJDK Runtime Environment (8.0_212-b04) (build 1.8.0_212-release-1586-b04)
# Java VM: OpenJDK 64-Bit Server VM (25.212-b04 mixed mode windows-amd64 compressed oops)
Heap:
 PSYoungGen      total 487424K, used 375765K [0x00000000e0000000, 0x00000000fff00000, 0x0000000100000000)
  eden space 453632K, 78% used [0x00000000e0000000,0x00000000f5be8fe8,0x00000000fbb00000)
  from space 33792K, 57% used [0x00000000fde00000,0x00000000ff10c768,0x00000000fff00000)
  to   space 34816K, 0% used [0x00000000fbb00000,0x00000000fbb00000,0x00000000fdd00000)
 ParOldGen       total 248320K, used 121970K [0x00000000a0000000, 0x00000000af280000, 0x00000000e0000000)
  object space 248320K, 49% used [0x00000000a0000000,0x00000000a771ca20,0x00000000af280000)
 Metaspace       used 114469K, capacity 122562K, committed 122920K, reserved 1157120K
  class space    used 14503K, capacity 16018K, committed 16168K, reserved 1048576K
GC Heap History (10 events):
Event: 2812.516 GC heap before
{Heap before GC invocations=37 (full 4):
 PSYoungGen      total 498688K, used 479110K [0x00000000e0000000, 0x00000000fff00000, 0x0000000100000000)
  eden space 474112K, 99% used [0x00000000e0000000,0x00000000fce71878,0x00000000fcf00000)
  from space 24576K, 22% used [0x00000000fe700000,0x00000000fec70000,0x00000000fff00000)
  to   space 24576K, 0% used [0x00000000fcf00000,0x00000000fcf00000,0x00000000fe700000)
 ParOldGen       total 165888K, used 141504K [0x00000000a0000000, 0x00000000aa200000, 0x00000000e0000000)
  object space 165888K, 85% used [0x00000000a0000000,0x00000000a8a302b8,0x00000000aa200000)
 Metaspace       used 111188K, capacity 117844K, committed 118056K, reserved 1150976K
  class space    used 14163K, capacity 15581K, committed 15656K, reserved 1048576K
Event: 2812.633 GC heap after
Heap after GC invocations=37 (full 4):
 PSYoungGen      total 498688K, used 24548K [0x00000000e0000000, 0x0000000100000000, 0x0000000100000000)
  eden space 474112K, 0% used [0x00000000e0000000,0x00000000e0000000,0x00000000fcf00000)
  from space 24576K, 99% used [0x00000000fcf00000,0x00000000fe6f9090,0x00000000fe700000)
  to   space 25600K, 0% used [0x00000000fe700000,0x00000000fe700000,0x0000000100000000)
 ParOldGen       total 167424K, used 167354K [0x00000000a0000000, 0x00000000aa380000, 0x00000000e0000000)
  object space 167424K, 99% used [0x00000000a0000000,0x00000000aa36e968,0x00000000aa380000)
 Metaspace       used 111188K, capacity 117844K, committed 118056K, reserved 1150976K
  class space    used 14163K, capacity 15581K, committed 15656K, reserved 1048576K
}
Event: 2812.633 GC heap before
{Heap before GC invocations=38 (full 5):
 PSYoungGen      total 498688K, used 24548K [0x00000000e0000000, 0x0000000100000000, 0x0000000100000000)
  eden space 474112K, 0% used [0x00000000e0000000,0x00000000e0000000,0x00000000fcf00000)
  from space 24576K, 99% used [0x00000000fcf00000,0x00000000fe6f9090,0x00000000fe700000)
  to   space 25600K, 0% used [0x00000000fe700000,0x00000000fe700000,0x0000000100000000)
 ParOldGen       total 167424K, used 167354K [0x00000000a0000000, 0x00000000aa380000, 0x00000000e0000000)
  object space 167424K, 99% used [0x00000000a0000000,0x00000000aa36e968,0x00000000aa380000)
 Metaspace       used 111188K, capacity 117844K, committed 118056K, reserved 1150976K
  class space    used 14163K, capacity 15581K, committed 15656K, reserved 1048576K
Event: 2813.425 GC heap after
Heap after GC invocations=38 (full 5):
 PSYoungGen      total 498688K, used 0K [0x00000000e0000000, 0x0000000100000000, 0x0000000100000000)
  eden space 474112K, 0% used [0x00000000e0000000,0x00000000e0000000,0x00000000fcf00000)
  from space 24576K, 0% used [0x00000000fcf00000,0x00000000fcf00000,0x00000000fe700000)
  to   space 25600K, 0% used [0x00000000fe700000,0x00000000fe700000,0x0000000100000000)
 ParOldGen       total 248320K, used 121946K [0x00000000a0000000, 0x00000000af280000, 0x00000000e0000000)
  object space 248320K, 49% used [0x00000000a0000000,0x00000000a7716a20,0x00000000af280000)
 Metaspace       used 109323K, capacity 114876K, committed 118056K, reserved 1150976K
  class space    used 13834K, capacity 14989K, committed 15656K, reserved 1048576K
}
Event: 3075.304 GC heap before
{Heap before GC invocations=39 (full 5):
 PSYoungGen      total 498688K, used 474112K [0x00000000e0000000, 0x0000000100000000, 0x0000000100000000)
  eden space 474112K, 100% used [0x00000000e0000000,0x00000000fcf00000,0x00000000fcf00000)
  from space 24576K, 0% used [0x00000000fcf00000,0x00000000fcf00000,0x00000000fe700000)
  to   space 25600K, 0% used [0x00000000fe700000,0x00000000fe700000,0x0000000100000000)
 ParOldGen       total 248320K, used 121946K [0x00000000a0000000, 0x00000000af280000, 0x00000000e0000000)
  object space 248320K, 49% used [0x00000000a0000000,0x00000000a7716a20,0x00000000af280000)
 Metaspace       used 111230K, capacity 117628K, committed 118056K, reserved 1150976K
  class space    used 14091K, capacity 15364K, committed 15656K, reserved 1048576K
Event: 3075.346 GC heap after
Heap after GC invocations=39 (full 5):
 PSYoungGen      total 478208K, used 12601K [0x00000000e0000000, 0x0000000100000000, 0x0000000100000000)
  eden space 452608K, 0% used [0x00000000e0000000,0x00000000e0000000,0x00000000fba00000)
  from space 25600K, 49% used [0x00000000fe700000,0x00000000ff34e760,0x0000000100000000)
  to   space 35840K, 0% used [0x00000000fba00000,0x00000000fba00000,0x00000000fdd00000)
 ParOldGen       total 248320K, used 121954K [0x00000000a0000000, 0x00000000af280000, 0x00000000e0000000)
  object space 248320K, 49% used [0x00000000a0000000,0x00000000a7718a20,0x00000000af280000)
 Metaspace       used 111230K, capacity 117628K, committed 118056K, reserved 1150976K
  class space    used 14091K, capacity 15364K, committed 15656K, reserved 1048576K
}
Event: 3947.271 GC heap before
{Heap before GC invocations=40 (full 5):
 PSYoungGen      total 478208K, used 465209K [0x00000000e0000000, 0x0000000100000000, 0x0000000100000000)
  eden space 452608K, 100% used [0x00000000e0000000,0x00000000fba00000,0x00000000fba00000)
  from space 25600K, 49% used [0x00000000fe700000,0x00000000ff34e760,0x0000000100000000)
  to   space 35840K, 0% used [0x00000000fba00000,0x00000000fba00000,0x00000000fdd00000)
 ParOldGen       total 248320K, used 121954K [0x00000000a0000000, 0x00000000af280000, 0x00000000e0000000)
  object space 248320K, 49% used [0x00000000a0000000,0x00000000a7718a20,0x00000000af280000)
 Metaspace       used 112849K, capacity 120422K, committed 120616K, reserved 1155072K
  class space    used 14325K, capacity 15790K, committed 15912K, reserved 1048576K
Event: 3947.295 GC heap after
Heap after GC invocations=40 (full 5):
 PSYoungGen      total 488448K, used 9593K [0x00000000e0000000, 0x0000000100000000, 0x0000000100000000)
  eden space 452608K, 0% used [0x00000000e0000000,0x00000000e0000000,0x00000000fba00000)
  from space 35840K, 26% used [0x00000000fba00000,0x00000000fc35e480,0x00000000fdd00000)
  to   space 34816K, 0% used [0x00000000fde00000,0x00000000fde00000,0x0000000100000000)
 ParOldGen       total 248320K, used 121962K [0x00000000a0000000, 0x00000000af280000, 0x00000000e0000000)
  object space 248320K, 49% used [0x00000000a0000000,0x00000000a771aa20,0x00000000af280000)
 Metaspace       used 112849K, capacity 120422K, committed 120616K, reserved 1155072K
  class space    used 14325K, capacity 15790K, committed 15912K, reserved 1048576K
}
Event: 7916.253 GC heap before
{Heap before GC invocations=41 (full 5):
 PSYoungGen      total 488448K, used 462201K [0x00000000e0000000, 0x0000000100000000, 0x0000000100000000)
  eden space 452608K, 100% used [0x00000000e0000000,0x00000000fba00000,0x00000000fba00000)
  from space 35840K, 26% used [0x00000000fba00000,0x00000000fc35e480,0x00000000fdd00000)
  to   space 34816K, 0% used [0x00000000fde00000,0x00000000fde00000,0x0000000100000000)
 ParOldGen       total 248320K, used 121962K [0x00000000a0000000, 0x00000000af280000, 0x00000000e0000000)
  object space 248320K, 49% used [0x00000000a0000000,0x00000000a771aa20,0x00000000af280000)
 Metaspace       used 113785K, capacity 121768K, committed 122024K, reserved 1155072K
  class space    used 14443K, capacity 15953K, committed 16040K, reserved 1048576K
Event: 7916.294 GC heap after
Heap after GC invocations=41 (full 5):
 PSYoungGen      total 487424K, used 19505K [0x00000000e0000000, 0x00000000fff00000, 0x0000000100000000)
  eden space 453632K, 0% used [0x00000000e0000000,0x00000000e0000000,0x00000000fbb00000)
  from space 33792K, 57% used [0x00000000fde00000,0x00000000ff10c768,0x00000000fff00000)
  to   space 34816K, 0% used [0x00000000fbb00000,0x00000000fbb00000,0x00000000fdd00000)
 ParOldGen       total 248320K, used 121970K [0x00000000a0000000, 0x00000000af280000, 0x00000000e0000000)
  object space 248320K, 49% used [0x00000000a0000000,0x00000000a771ca20,0x00000000af280000)
 Metaspace       used 113785K, capacity 121768K, committed 122024K, reserved 1155072K
  class space    used 14443K, capacity 15953K, committed 16040K, reserved 1048576K
}

