# JRE version: OpenJDK Runtime Environment (8.0_242-b01) (build 1.8.0_242-release-1644-b01)
# Java VM: OpenJDK 64-Bit Server VM (25.242-b01 mixed mode windows-amd64 compressed oops)
Heap:
 PSYoungGen      total 352256K, used 69689K [0x00000000e0000000, 0x00000000fca00000, 0x0000000100000000)
  eden space 270336K, 6% used [0x00000000e0000000,0x00000000e10d96c8,0x00000000f0800000)
  from space 81920K, 64% used [0x00000000f0800000,0x00000000f3b34e90,0x00000000f5800000)
  to   space 84992K, 0% used [0x00000000f7700000,0x00000000f7700000,0x00000000fca00000)
 ParOldGen       total 303104K, used 152116K [0x00000000a0000000, 0x00000000b2800000, 0x00000000e0000000)
  object space 303104K, 50% used [0x00000000a0000000,0x00000000a948d300,0x00000000b2800000)
 Metaspace       used 121508K, capacity 127460K, committed 127692K, reserved 1159168K
  class space    used 15856K, capacity 17080K, committed 17152K, reserved 1048576K
GC Heap History (10 events):
Event: 78.413 GC heap before
{Heap before GC invocations=19 (full 4):
 PSYoungGen      total 234496K, used 38392K [0x00000000e0000000, 0x00000000f6480000, 0x0000000100000000)
  eden space 196096K, 0% used [0x00000000e0000000,0x00000000e0000000,0x00000000ebf80000)
  from space 38400K, 99% used [0x00000000ebf80000,0x00000000ee4fe260,0x00000000ee500000)
  to   space 61952K, 0% used [0x00000000f2800000,0x00000000f2800000,0x00000000f6480000)
 ParOldGen       total 158720K, used 101998K [0x00000000a0000000, 0x00000000a9b00000, 0x00000000e0000000)
  object space 158720K, 64% used [0x00000000a0000000,0x00000000a639b860,0x00000000a9b00000)
 Metaspace       used 93906K, capacity 98294K, committed 98380K, reserved 1134592K
  class space    used 12498K, capacity 13418K, committed 13440K, reserved 1048576K
Event: 79.182 GC heap after
Heap after GC invocations=19 (full 4):
 PSYoungGen      total 234496K, used 0K [0x00000000e0000000, 0x00000000f6480000, 0x0000000100000000)
  eden space 196096K, 0% used [0x00000000e0000000,0x00000000e0000000,0x00000000ebf80000)
  from space 38400K, 0% used [0x00000000ebf80000,0x00000000ebf80000,0x00000000ee500000)
  to   space 61952K, 0% used [0x00000000f2800000,0x00000000f2800000,0x00000000f6480000)
 ParOldGen       total 303104K, used 119827K [0x00000000a0000000, 0x00000000b2800000, 0x00000000e0000000)
  object space 303104K, 39% used [0x00000000a0000000,0x00000000a7504e08,0x00000000b2800000)
 Metaspace       used 93805K, capacity 97984K, committed 98380K, reserved 1134592K
  class space    used 12465K, capacity 13361K, committed 13440K, reserved 1048576K
}
Event: 83.946 GC heap before
{Heap before GC invocations=20 (full 4):
 PSYoungGen      total 234496K, used 196096K [0x00000000e0000000, 0x00000000f6480000, 0x0000000100000000)
  eden space 196096K, 100% used [0x00000000e0000000,0x00000000ebf80000,0x00000000ebf80000)
  from space 38400K, 0% used [0x00000000ebf80000,0x00000000ebf80000,0x00000000ee500000)
  to   space 61952K, 0% used [0x00000000f2800000,0x00000000f2800000,0x00000000f6480000)
 ParOldGen       total 303104K, used 119827K [0x00000000a0000000, 0x00000000b2800000, 0x00000000e0000000)
  object space 303104K, 39% used [0x00000000a0000000,0x00000000a7504e08,0x00000000b2800000)
 Metaspace       used 99089K, capacity 103446K, committed 103884K, reserved 1138688K
  class space    used 13073K, capacity 13996K, committed 14080K, reserved 1048576K
Event: 83.976 GC heap after
Heap after GC invocations=20 (full 4):
 PSYoungGen      total 293888K, used 18362K [0x00000000e0000000, 0x00000000f5d00000, 0x0000000100000000)
  eden space 239616K, 0% used [0x00000000e0000000,0x00000000e0000000,0x00000000eea00000)
  from space 54272K, 33% used [0x00000000f2800000,0x00000000f39eeba8,0x00000000f5d00000)
  to   space 58880K, 0% used [0x00000000eea00000,0x00000000eea00000,0x00000000f2380000)
 ParOldGen       total 303104K, used 119835K [0x00000000a0000000, 0x00000000b2800000, 0x00000000e0000000)
  object space 303104K, 39% used [0x00000000a0000000,0x00000000a7506e08,0x00000000b2800000)
 Metaspace       used 99089K, capacity 103446K, committed 103884K, reserved 1138688K
  class space    used 13073K, capacity 13996K, committed 14080K, reserved 1048576K
}
Event: 91.444 GC heap before
{Heap before GC invocations=21 (full 4):
 PSYoungGen      total 293888K, used 257978K [0x00000000e0000000, 0x00000000f5d00000, 0x0000000100000000)
  eden space 239616K, 100% used [0x00000000e0000000,0x00000000eea00000,0x00000000eea00000)
  from space 54272K, 33% used [0x00000000f2800000,0x00000000f39eeba8,0x00000000f5d00000)
  to   space 58880K, 0% used [0x00000000eea00000,0x00000000eea00000,0x00000000f2380000)
 ParOldGen       total 303104K, used 119835K [0x00000000a0000000, 0x00000000b2800000, 0x00000000e0000000)
  object space 303104K, 39% used [0x00000000a0000000,0x00000000a7506e08,0x00000000b2800000)
 Metaspace       used 106243K, capacity 111410K, committed 111436K, reserved 1144832K
  class space    used 14171K, capacity 15228K, committed 15232K, reserved 1048576K
Event: 91.591 GC heap after
Heap after GC invocations=21 (full 4):
 PSYoungGen      total 298496K, used 58873K [0x00000000e0000000, 0x00000000fa180000, 0x0000000100000000)
  eden space 239616K, 0% used [0x00000000e0000000,0x00000000e0000000,0x00000000eea00000)
  from space 58880K, 99% used [0x00000000eea00000,0x00000000f237e780,0x00000000f2380000)
  to   space 75264K, 0% used [0x00000000f5800000,0x00000000f5800000,0x00000000fa180000)
 ParOldGen       total 303104K, used 137589K [0x00000000a0000000, 0x00000000b2800000, 0x00000000e0000000)
  object space 303104K, 45% used [0x00000000a0000000,0x00000000a865d640,0x00000000b2800000)
 Metaspace       used 106243K, capacity 111410K, committed 111436K, reserved 1144832K
  class space    used 14171K, capacity 15228K, committed 15232K, reserved 1048576K
}
Event: 2251.660 GC heap before
{Heap before GC invocations=22 (full 4):
 PSYoungGen      total 298496K, used 298489K [0x00000000e0000000, 0x00000000fa180000, 0x0000000100000000)
  eden space 239616K, 100% used [0x00000000e0000000,0x00000000eea00000,0x00000000eea00000)
  from space 58880K, 99% used [0x00000000eea00000,0x00000000f237e780,0x00000000f2380000)
  to   space 75264K, 0% used [0x00000000f5800000,0x00000000f5800000,0x00000000fa180000)
 ParOldGen       total 303104K, used 137589K [0x00000000a0000000, 0x00000000b2800000, 0x00000000e0000000)
  object space 303104K, 45% used [0x00000000a0000000,0x00000000a865d640,0x00000000b2800000)
 Metaspace       used 117156K, capacity 122850K, committed 123084K, reserved 1155072K
  class space    used 15415K, capacity 16585K, committed 16640K, reserved 1048576K
Event: 2251.935 GC heap after
Heap after GC invocations=22 (full 4):
 PSYoungGen      total 345600K, used 58617K [0x00000000e0000000, 0x00000000fa880000, 0x0000000100000000)
  eden space 270336K, 0% used [0x00000000e0000000,0x00000000e0000000,0x00000000f0800000)
  from space 75264K, 77% used [0x00000000f5800000,0x00000000f913e640,0x00000000fa180000)
  to   space 81920K, 0% used [0x00000000f0800000,0x00000000f0800000,0x00000000f5800000)
 ParOldGen       total 303104K, used 152108K [0x00000000a0000000, 0x00000000b2800000, 0x00000000e0000000)
  object space 303104K, 50% used [0x00000000a0000000,0x00000000a948b300,0x00000000b2800000)
 Metaspace       used 117156K, capacity 122850K, committed 123084K, reserved 1155072K
  class space    used 15415K, capacity 16585K, committed 16640K, reserved 1048576K
}
Event: 2712.199 GC heap before
{Heap before GC invocations=23 (full 4):
 PSYoungGen      total 345600K, used 328953K [0x00000000e0000000, 0x00000000fa880000, 0x0000000100000000)
  eden space 270336K, 100% used [0x00000000e0000000,0x00000000f0800000,0x00000000f0800000)
  from space 75264K, 77% used [0x00000000f5800000,0x00000000f913e640,0x00000000fa180000)
  to   space 81920K, 0% used [0x00000000f0800000,0x00000000f0800000,0x00000000f5800000)
 ParOldGen       total 303104K, used 152108K [0x00000000a0000000, 0x00000000b2800000, 0x00000000e0000000)
  object space 303104K, 50% used [0x00000000a0000000,0x00000000a948b300,0x00000000b2800000)
 Metaspace       used 121492K, capacity 127460K, committed 127692K, reserved 1159168K
  class space    used 15855K, capacity 17080K, committed 17152K, reserved 1048576K
Event: 2712.425 GC heap after
Heap after GC invocations=23 (full 4):
 PSYoungGen      total 352256K, used 52435K [0x00000000e0000000, 0x00000000fca00000, 0x0000000100000000)
  eden space 270336K, 0% used [0x00000000e0000000,0x00000000e0000000,0x00000000f0800000)
  from space 81920K, 64% used [0x00000000f0800000,0x00000000f3b34e90,0x00000000f5800000)
  to   space 84992K, 0% used [0x00000000f7700000,0x00000000f7700000,0x00000000fca00000)
 ParOldGen       total 303104K, used 152116K [0x00000000a0000000, 0x00000000b2800000, 0x00000000e0000000)
  object space 303104K, 50% used [0x00000000a0000000,0x00000000a948d300,0x00000000b2800000)
 Metaspace       used 121492K, capacity 127460K, committed 127692K, reserved 1159168K
  class space    used 15855K, capacity 17080K, committed 17152K, reserved 1048576K
}

