# JRE version: OpenJDK Runtime Environment (8.0_242-b01) (build 1.8.0_242-release-1644-b01)
# Java VM: OpenJDK 64-Bit Server VM (25.242-b01 mixed mode windows-amd64 compressed oops)
Heap:
 PSYoungGen      total 312832K, used 47644K [0x00000000e0000000, 0x00000000f5c00000, 0x0000000100000000)
  eden space 274944K, 14% used [0x00000000e0000000,0x00000000e26b8878,0x00000000f0c80000)
  from space 37888K, 21% used [0x00000000f0c80000,0x00000000f144eb40,0x00000000f3180000)
  to   space 34816K, 0% used [0x00000000f3180000,0x00000000f3180000,0x00000000f5380000)
 ParOldGen       total 180736K, used 144237K [0x00000000a0000000, 0x00000000ab080000, 0x00000000e0000000)
  object space 180736K, 79% used [0x00000000a0000000,0x00000000a8cdb518,0x00000000ab080000)
 Metaspace       used 104004K, capacity 109896K, committed 110168K, reserved 1144832K
  class space    used 13459K, capacity 14583K, committed 14720K, reserved 1048576K
GC Heap History (10 events):
Event: 2605.658 GC heap before
{Heap before GC invocations=31 (full 4):
 PSYoungGen      total 309760K, used 284926K [0x00000000e0000000, 0x00000000f5c00000, 0x0000000100000000)
  eden space 274944K, 100% used [0x00000000e0000000,0x00000000f0c80000,0x00000000f0c80000)
  from space 34816K, 28% used [0x00000000f3180000,0x00000000f3b3f8f8,0x00000000f5380000)
  to   space 37888K, 0% used [0x00000000f0c80000,0x00000000f0c80000,0x00000000f3180000)
 ParOldGen       total 180736K, used 113133K [0x00000000a0000000, 0x00000000ab080000, 0x00000000e0000000)
  object space 180736K, 62% used [0x00000000a0000000,0x00000000a6e7b448,0x00000000ab080000)
 Metaspace       used 103807K, capacity 109736K, committed 109912K, reserved 1144832K
  class space    used 13456K, capacity 14581K, committed 14720K, reserved 1048576K
Event: 2605.716 GC heap after
Heap after GC invocations=31 (full 4):
 PSYoungGen      total 312832K, used 11138K [0x00000000e0000000, 0x00000000f5c00000, 0x0000000100000000)
  eden space 274944K, 0% used [0x00000000e0000000,0x00000000e0000000,0x00000000f0c80000)
  from space 37888K, 29% used [0x00000000f0c80000,0x00000000f1760a58,0x00000000f3180000)
  to   space 34816K, 0% used [0x00000000f3180000,0x00000000f3180000,0x00000000f5380000)
 ParOldGen       total 180736K, used 118524K [0x00000000a0000000, 0x00000000ab080000, 0x00000000e0000000)
  object space 180736K, 65% used [0x00000000a0000000,0x00000000a73bf270,0x00000000ab080000)
 Metaspace       used 103807K, capacity 109736K, committed 109912K, reserved 1144832K
  class space    used 13456K, capacity 14581K, committed 14720K, reserved 1048576K
}
Event: 2607.140 GC heap before
{Heap before GC invocations=32 (full 4):
 PSYoungGen      total 312832K, used 286082K [0x00000000e0000000, 0x00000000f5c00000, 0x0000000100000000)
  eden space 274944K, 100% used [0x00000000e0000000,0x00000000f0c80000,0x00000000f0c80000)
  from space 37888K, 29% used [0x00000000f0c80000,0x00000000f1760a58,0x00000000f3180000)
  to   space 34816K, 0% used [0x00000000f3180000,0x00000000f3180000,0x00000000f5380000)
 ParOldGen       total 180736K, used 118524K [0x00000000a0000000, 0x00000000ab080000, 0x00000000e0000000)
  object space 180736K, 65% used [0x00000000a0000000,0x00000000a73bf270,0x00000000ab080000)
 Metaspace       used 103916K, capacity 109808K, committed 110168K, reserved 1144832K
  class space    used 13456K, capacity 14581K, committed 14720K, reserved 1048576K
Event: 2607.190 GC heap after
Heap after GC invocations=32 (full 4):
 PSYoungGen      total 309760K, used 7883K [0x00000000e0000000, 0x00000000f5c00000, 0x0000000100000000)
  eden space 274944K, 0% used [0x00000000e0000000,0x00000000e0000000,0x00000000f0c80000)
  from space 34816K, 22% used [0x00000000f3180000,0x00000000f3932e58,0x00000000f5380000)
  to   space 37888K, 0% used [0x00000000f0c80000,0x00000000f0c80000,0x00000000f3180000)
 ParOldGen       total 180736K, used 127609K [0x00000000a0000000, 0x00000000ab080000, 0x00000000e0000000)
  object space 180736K, 70% used [0x00000000a0000000,0x00000000a7c9e460,0x00000000ab080000)
 Metaspace       used 103916K, capacity 109808K, committed 110168K, reserved 1144832K
  class space    used 13456K, capacity 14581K, committed 14720K, reserved 1048576K
}
Event: 2608.742 GC heap before
{Heap before GC invocations=33 (full 4):
 PSYoungGen      total 309760K, used 282827K [0x00000000e0000000, 0x00000000f5c00000, 0x0000000100000000)
  eden space 274944K, 100% used [0x00000000e0000000,0x00000000f0c80000,0x00000000f0c80000)
  from space 34816K, 22% used [0x00000000f3180000,0x00000000f3932e58,0x00000000f5380000)
  to   space 37888K, 0% used [0x00000000f0c80000,0x00000000f0c80000,0x00000000f3180000)
 ParOldGen       total 180736K, used 127609K [0x00000000a0000000, 0x00000000ab080000, 0x00000000e0000000)
  object space 180736K, 70% used [0x00000000a0000000,0x00000000a7c9e460,0x00000000ab080000)
 Metaspace       used 103939K, capacity 109872K, committed 110168K, reserved 1144832K
  class space    used 13456K, capacity 14581K, committed 14720K, reserved 1048576K
Event: 2608.782 GC heap after
Heap after GC invocations=33 (full 4):
 PSYoungGen      total 312832K, used 5056K [0x00000000e0000000, 0x00000000f5c00000, 0x0000000100000000)
  eden space 274944K, 0% used [0x00000000e0000000,0x00000000e0000000,0x00000000f0c80000)
  from space 37888K, 13% used [0x00000000f0c80000,0x00000000f1170188,0x00000000f3180000)
  to   space 34816K, 0% used [0x00000000f3180000,0x00000000f3180000,0x00000000f5380000)
 ParOldGen       total 180736K, used 131599K [0x00000000a0000000, 0x00000000ab080000, 0x00000000e0000000)
  object space 180736K, 72% used [0x00000000a0000000,0x00000000a8083c28,0x00000000ab080000)
 Metaspace       used 103939K, capacity 109872K, committed 110168K, reserved 1144832K
  class space    used 13456K, capacity 14581K, committed 14720K, reserved 1048576K
}
Event: 2610.203 GC heap before
{Heap before GC invocations=34 (full 4):
 PSYoungGen      total 312832K, used 280000K [0x00000000e0000000, 0x00000000f5c00000, 0x0000000100000000)
  eden space 274944K, 100% used [0x00000000e0000000,0x00000000f0c80000,0x00000000f0c80000)
  from space 37888K, 13% used [0x00000000f0c80000,0x00000000f1170188,0x00000000f3180000)
  to   space 34816K, 0% used [0x00000000f3180000,0x00000000f3180000,0x00000000f5380000)
 ParOldGen       total 180736K, used 131599K [0x00000000a0000000, 0x00000000ab080000, 0x00000000e0000000)
  object space 180736K, 72% used [0x00000000a0000000,0x00000000a8083c28,0x00000000ab080000)
 Metaspace       used 103980K, capacity 109876K, committed 110168K, reserved 1144832K
  class space    used 13458K, capacity 14581K, committed 14720K, reserved 1048576K
Event: 2610.271 GC heap after
Heap after GC invocations=34 (full 4):
 PSYoungGen      total 309760K, used 19365K [0x00000000e0000000, 0x00000000f5c00000, 0x0000000100000000)
  eden space 274944K, 0% used [0x00000000e0000000,0x00000000e0000000,0x00000000f0c80000)
  from space 34816K, 55% used [0x00000000f3180000,0x00000000f44696b8,0x00000000f5380000)
  to   space 37888K, 0% used [0x00000000f0c80000,0x00000000f0c80000,0x00000000f3180000)
 ParOldGen       total 180736K, used 134786K [0x00000000a0000000, 0x00000000ab080000, 0x00000000e0000000)
  object space 180736K, 74% used [0x00000000a0000000,0x00000000a83a09b0,0x00000000ab080000)
 Metaspace       used 103980K, capacity 109876K, committed 110168K, reserved 1144832K
  class space    used 13458K, capacity 14581K, committed 14720K, reserved 1048576K
}
Event: 2612.200 GC heap before
{Heap before GC invocations=35 (full 4):
 PSYoungGen      total 309760K, used 294309K [0x00000000e0000000, 0x00000000f5c00000, 0x0000000100000000)
  eden space 274944K, 100% used [0x00000000e0000000,0x00000000f0c80000,0x00000000f0c80000)
  from space 34816K, 55% used [0x00000000f3180000,0x00000000f44696b8,0x00000000f5380000)
  to   space 37888K, 0% used [0x00000000f0c80000,0x00000000f0c80000,0x00000000f3180000)
 ParOldGen       total 180736K, used 134786K [0x00000000a0000000, 0x00000000ab080000, 0x00000000e0000000)
  object space 180736K, 74% used [0x00000000a0000000,0x00000000a83a09b0,0x00000000ab080000)
 Metaspace       used 104002K, capacity 109896K, committed 110168K, reserved 1144832K
  class space    used 13459K, capacity 14583K, committed 14720K, reserved 1048576K
Event: 2612.268 GC heap after
Heap after GC invocations=35 (full 4):
 PSYoungGen      total 312832K, used 7994K [0x00000000e0000000, 0x00000000f5c00000, 0x0000000100000000)
  eden space 274944K, 0% used [0x00000000e0000000,0x00000000e0000000,0x00000000f0c80000)
  from space 37888K, 21% used [0x00000000f0c80000,0x00000000f144eb40,0x00000000f3180000)
  to   space 34816K, 0% used [0x00000000f3180000,0x00000000f3180000,0x00000000f5380000)
 ParOldGen       total 180736K, used 144237K [0x00000000a0000000, 0x00000000ab080000, 0x00000000e0000000)
  object space 180736K, 79% used [0x00000000a0000000,0x00000000a8cdb518,0x00000000ab080000)
 Metaspace       used 104002K, capacity 109896K, committed 110168K, reserved 1144832K
  class space    used 13459K, capacity 14583K, committed 14720K, reserved 1048576K
}

