# JRE version: OpenJDK Runtime Environment (8.0_242-b01) (build 1.8.0_242-release-1644-b01)
# Java VM: OpenJDK 64-Bit Server VM (25.242-b01 mixed mode windows-amd64 compressed oops)
Heap:
 PSYoungGen      total 353280K, used 117786K [0x00000000e0000000, 0x00000000fd900000, 0x0000000100000000)
  eden space 285696K, 17% used [0x00000000e0000000,0x00000000e3106f90,0x00000000f1700000)
  from space 67584K, 99% used [0x00000000f6900000,0x00000000faaff8b8,0x00000000fab00000)
  to   space 83968K, 0% used [0x00000000f1700000,0x00000000f1700000,0x00000000f6900000)
 ParOldGen       total 373760K, used 75586K [0x00000000a0000000, 0x00000000b6d00000, 0x00000000e0000000)
  object space 373760K, 20% used [0x00000000a0000000,0x00000000a49d0818,0x00000000b6d00000)
 Metaspace       used 120763K, capacity 127206K, committed 127704K, reserved 1161216K
  class space    used 15529K, capacity 16713K, committed 16896K, reserved 1048576K
GC Heap History (10 events):
Event: 3352.030 GC heap before
{Heap before GC invocations=27 (full 6):
 PSYoungGen      total 295936K, used 279983K [0x00000000e0000000, 0x00000000f8c80000, 0x0000000100000000)
  eden space 269312K, 100% used [0x00000000e0000000,0x00000000f0700000,0x00000000f0700000)
  from space 26624K, 40% used [0x00000000f0700000,0x00000000f116bc80,0x00000000f2100000)
  to   space 54784K, 0% used [0x00000000f5700000,0x00000000f5700000,0x00000000f8c80000)
 ParOldGen       total 128000K, used 127807K [0x00000000a0000000, 0x00000000a7d00000, 0x00000000e0000000)
  object space 128000K, 99% used [0x00000000a0000000,0x00000000a7ccfe90,0x00000000a7d00000)
 Metaspace       used 108882K, capacity 114276K, committed 115160K, reserved 1148928K
  class space    used 14144K, capacity 15152K, committed 15360K, reserved 1048576K
Event: 3352.716 GC heap after
Heap after GC invocations=27 (full 6):
 PSYoungGen      total 295936K, used 0K [0x00000000e0000000, 0x00000000f8c80000, 0x0000000100000000)
  eden space 269312K, 0% used [0x00000000e0000000,0x00000000e0000000,0x00000000f0700000)
  from space 26624K, 0% used [0x00000000f0700000,0x00000000f0700000,0x00000000f2100000)
  to   space 54784K, 0% used [0x00000000f5700000,0x00000000f5700000,0x00000000f8c80000)
 ParOldGen       total 128000K, used 108031K [0x00000000a0000000, 0x00000000a7d00000, 0x00000000e0000000)
  object space 128000K, 84% used [0x00000000a0000000,0x00000000a697fcb8,0x00000000a7d00000)
 Metaspace       used 108853K, capacity 114196K, committed 115160K, reserved 1148928K
  class space    used 14135K, capacity 15136K, committed 15360K, reserved 1048576K
}
Event: 4094.172 GC heap before
{Heap before GC invocations=28 (full 7):
 PSYoungGen      total 295936K, used 269312K [0x00000000e0000000, 0x00000000f8c80000, 0x0000000100000000)
  eden space 269312K, 100% used [0x00000000e0000000,0x00000000f0700000,0x00000000f0700000)
  from space 26624K, 0% used [0x00000000f0700000,0x00000000f0700000,0x00000000f2100000)
  to   space 54784K, 0% used [0x00000000f5700000,0x00000000f5700000,0x00000000f8c80000)
 ParOldGen       total 128000K, used 108031K [0x00000000a0000000, 0x00000000a7d00000, 0x00000000e0000000)
  object space 128000K, 84% used [0x00000000a0000000,0x00000000a697fcb8,0x00000000a7d00000)
 Metaspace       used 113258K, capacity 119522K, committed 119896K, reserved 1153024K
  class space    used 14752K, capacity 15873K, committed 16000K, reserved 1048576K
Event: 4094.555 GC heap after
Heap after GC invocations=28 (full 7):
 PSYoungGen      total 295936K, used 0K [0x00000000e0000000, 0x00000000f8c80000, 0x0000000100000000)
  eden space 269312K, 0% used [0x00000000e0000000,0x00000000e0000000,0x00000000f0700000)
  from space 26624K, 0% used [0x00000000f0700000,0x00000000f0700000,0x00000000f2100000)
  to   space 54784K, 0% used [0x00000000f5700000,0x00000000f5700000,0x00000000f8c80000)
 ParOldGen       total 373760K, used 55771K [0x00000000a0000000, 0x00000000b6d00000, 0x00000000e0000000)
  object space 373760K, 14% used [0x00000000a0000000,0x00000000a3676ce8,0x00000000b6d00000)
 Metaspace       used 113247K, capacity 119504K, committed 119896K, reserved 1153024K
  class space    used 14750K, capacity 15870K, committed 16000K, reserved 1048576K
}
Event: 6543.414 GC heap before
{Heap before GC invocations=29 (full 7):
 PSYoungGen      total 295936K, used 269312K [0x00000000e0000000, 0x00000000f8c80000, 0x0000000100000000)
  eden space 269312K, 100% used [0x00000000e0000000,0x00000000f0700000,0x00000000f0700000)
  from space 26624K, 0% used [0x00000000f0700000,0x00000000f0700000,0x00000000f2100000)
  to   space 54784K, 0% used [0x00000000f5700000,0x00000000f5700000,0x00000000f8c80000)
 ParOldGen       total 373760K, used 55771K [0x00000000a0000000, 0x00000000b6d00000, 0x00000000e0000000)
  object space 373760K, 14% used [0x00000000a0000000,0x00000000a3676ce8,0x00000000b6d00000)
 Metaspace       used 113529K, capacity 119836K, committed 120152K, reserved 1153024K
  class space    used 14764K, capacity 15892K, committed 16000K, reserved 1048576K
Event: 6543.425 GC heap after
Heap after GC invocations=29 (full 7):
 PSYoungGen      total 332800K, used 1728K [0x00000000e0000000, 0x00000000f8400000, 0x0000000100000000)
  eden space 286720K, 0% used [0x00000000e0000000,0x00000000e0000000,0x00000000f1800000)
  from space 46080K, 3% used [0x00000000f5700000,0x00000000f58b0000,0x00000000f8400000)
  to   space 55296K, 0% used [0x00000000f1800000,0x00000000f1800000,0x00000000f4e00000)
 ParOldGen       total 373760K, used 55779K [0x00000000a0000000, 0x00000000b6d00000, 0x00000000e0000000)
  object space 373760K, 14% used [0x00000000a0000000,0x00000000a3678ce8,0x00000000b6d00000)
 Metaspace       used 113529K, capacity 119836K, committed 120152K, reserved 1153024K
  class space    used 14764K, capacity 15892K, committed 16000K, reserved 1048576K
}
Event: 6734.261 GC heap before
{Heap before GC invocations=30 (full 7):
 PSYoungGen      total 332800K, used 288448K [0x00000000e0000000, 0x00000000f8400000, 0x0000000100000000)
  eden space 286720K, 100% used [0x00000000e0000000,0x00000000f1800000,0x00000000f1800000)
  from space 46080K, 3% used [0x00000000f5700000,0x00000000f58b0000,0x00000000f8400000)
  to   space 55296K, 0% used [0x00000000f1800000,0x00000000f1800000,0x00000000f4e00000)
 ParOldGen       total 373760K, used 55779K [0x00000000a0000000, 0x00000000b6d00000, 0x00000000e0000000)
  object space 373760K, 14% used [0x00000000a0000000,0x00000000a3678ce8,0x00000000b6d00000)
 Metaspace       used 115719K, capacity 122100K, committed 122456K, reserved 1155072K
  class space    used 14973K, capacity 16114K, committed 16256K, reserved 1048576K
Event: 6734.577 GC heap after
Heap after GC invocations=30 (full 7):
 PSYoungGen      total 342016K, used 55284K [0x00000000e0000000, 0x00000000fab00000, 0x0000000100000000)
  eden space 286720K, 0% used [0x00000000e0000000,0x00000000e0000000,0x00000000f1800000)
  from space 55296K, 99% used [0x00000000f1800000,0x00000000f4dfd1d8,0x00000000f4e00000)
  to   space 67584K, 0% used [0x00000000f6900000,0x00000000f6900000,0x00000000fab00000)
 ParOldGen       total 373760K, used 63060K [0x00000000a0000000, 0x00000000b6d00000, 0x00000000e0000000)
  object space 373760K, 16% used [0x00000000a0000000,0x00000000a3d95160,0x00000000b6d00000)
 Metaspace       used 115719K, capacity 122100K, committed 122456K, reserved 1155072K
  class space    used 14973K, capacity 16114K, committed 16256K, reserved 1048576K
}
Event: 6742.918 GC heap before
{Heap before GC invocations=31 (full 7):
 PSYoungGen      total 342016K, used 342004K [0x00000000e0000000, 0x00000000fab00000, 0x0000000100000000)
  eden space 286720K, 100% used [0x00000000e0000000,0x00000000f1800000,0x00000000f1800000)
  from space 55296K, 99% used [0x00000000f1800000,0x00000000f4dfd1d8,0x00000000f4e00000)
  to   space 67584K, 0% used [0x00000000f6900000,0x00000000f6900000,0x00000000fab00000)
 ParOldGen       total 373760K, used 63060K [0x00000000a0000000, 0x00000000b6d00000, 0x00000000e0000000)
  object space 373760K, 16% used [0x00000000a0000000,0x00000000a3d95160,0x00000000b6d00000)
 Metaspace       used 120752K, capacity 127206K, committed 127704K, reserved 1161216K
  class space    used 15528K, capacity 16713K, committed 16896K, reserved 1048576K
Event: 6743.262 GC heap after
Heap after GC invocations=31 (full 7):
 PSYoungGen      total 353280K, used 67582K [0x00000000e0000000, 0x00000000fd900000, 0x0000000100000000)
  eden space 285696K, 0% used [0x00000000e0000000,0x00000000e0000000,0x00000000f1700000)
  from space 67584K, 99% used [0x00000000f6900000,0x00000000faaff8b8,0x00000000fab00000)
  to   space 83968K, 0% used [0x00000000f1700000,0x00000000f1700000,0x00000000f6900000)
 ParOldGen       total 373760K, used 75586K [0x00000000a0000000, 0x00000000b6d00000, 0x00000000e0000000)
  object space 373760K, 20% used [0x00000000a0000000,0x00000000a49d0818,0x00000000b6d00000)
 Metaspace       used 120752K, capacity 127206K, committed 127704K, reserved 1161216K
  class space    used 15528K, capacity 16713K, committed 16896K, reserved 1048576K
}

