# JRE version: OpenJDK Runtime Environment (8.0_242-b01) (build 1.8.0_242-release-1644-b01)
# Java VM: OpenJDK 64-Bit Server VM (25.242-b01 mixed mode windows-amd64 compressed oops)
Heap:
 PSYoungGen      total 252928K, used 59719K [0x00000000e0000000, 0x00000000f2900000, 0x0000000100000000)
  eden space 224256K, 26% used [0x00000000e0000000,0x00000000e3a51c78,0x00000000edb00000)
  from space 28672K, 0% used [0x00000000ef780000,0x00000000ef780000,0x00000000f1380000)
  to   space 29184K, 0% used [0x00000000edb00000,0x00000000edb00000,0x00000000ef780000)
 ParOldGen       total 206848K, used 78298K [0x00000000a0000000, 0x00000000aca00000, 0x00000000e0000000)
  object space 206848K, 37% used [0x00000000a0000000,0x00000000a4c76878,0x00000000aca00000)
 Metaspace       used 106669K, capacity 111538K, committed 111820K, reserved 1146880K
  class space    used 13846K, capacity 14828K, committed 14848K, reserved 1048576K
GC Heap History (10 events):
Event: 935.021 GC heap before
{Heap before GC invocations=23 (full 3):
 PSYoungGen      total 239104K, used 98991K [0x00000000e0000000, 0x00000000f1380000, 0x0000000100000000)
  eden space 220160K, 36% used [0x00000000e0000000,0x00000000e4e974c0,0x00000000ed700000)
  from space 18944K, 97% used [0x00000000ee300000,0x00000000ef5147a0,0x00000000ef580000)
  to   space 28672K, 0% used [0x00000000ef780000,0x00000000ef780000,0x00000000f1380000)
 ParOldGen       total 135680K, used 67294K [0x00000000a0000000, 0x00000000a8480000, 0x00000000e0000000)
  object space 135680K, 49% used [0x00000000a0000000,0x00000000a41b7920,0x00000000a8480000)
 Metaspace       used 93486K, capacity 98328K, committed 98380K, reserved 1134592K
  class space    used 12430K, capacity 13421K, committed 13440K, reserved 1048576K
Event: 935.077 GC heap after
Heap after GC invocations=23 (full 3):
 PSYoungGen      total 252928K, used 18100K [0x00000000e0000000, 0x00000000f2900000, 0x0000000100000000)
  eden space 224256K, 0% used [0x00000000e0000000,0x00000000e0000000,0x00000000edb00000)
  from space 28672K, 63% used [0x00000000ef780000,0x00000000f092d180,0x00000000f1380000)
  to   space 29184K, 0% used [0x00000000edb00000,0x00000000edb00000,0x00000000ef780000)
 ParOldGen       total 135680K, used 67302K [0x00000000a0000000, 0x00000000a8480000, 0x00000000e0000000)
  object space 135680K, 49% used [0x00000000a0000000,0x00000000a41b9920,0x00000000a8480000)
 Metaspace       used 93486K, capacity 98328K, committed 98380K, reserved 1134592K
  class space    used 12430K, capacity 13421K, committed 13440K, reserved 1048576K
}
Event: 935.077 GC heap before
{Heap before GC invocations=24 (full 4):
 PSYoungGen      total 252928K, used 18100K [0x00000000e0000000, 0x00000000f2900000, 0x0000000100000000)
  eden space 224256K, 0% used [0x00000000e0000000,0x00000000e0000000,0x00000000edb00000)
  from space 28672K, 63% used [0x00000000ef780000,0x00000000f092d180,0x00000000f1380000)
  to   space 29184K, 0% used [0x00000000edb00000,0x00000000edb00000,0x00000000ef780000)
 ParOldGen       total 135680K, used 67302K [0x00000000a0000000, 0x00000000a8480000, 0x00000000e0000000)
  object space 135680K, 49% used [0x00000000a0000000,0x00000000a41b9920,0x00000000a8480000)
 Metaspace       used 93486K, capacity 98328K, committed 98380K, reserved 1134592K
  class space    used 12430K, capacity 13421K, committed 13440K, reserved 1048576K
Event: 935.560 GC heap after
Heap after GC invocations=24 (full 4):
 PSYoungGen      total 252928K, used 0K [0x00000000e0000000, 0x00000000f2900000, 0x0000000100000000)
  eden space 224256K, 0% used [0x00000000e0000000,0x00000000e0000000,0x00000000edb00000)
  from space 28672K, 0% used [0x00000000ef780000,0x00000000ef780000,0x00000000f1380000)
  to   space 29184K, 0% used [0x00000000edb00000,0x00000000edb00000,0x00000000ef780000)
 ParOldGen       total 206848K, used 63990K [0x00000000a0000000, 0x00000000aca00000, 0x00000000e0000000)
  object space 206848K, 30% used [0x00000000a0000000,0x00000000a3e7db00,0x00000000aca00000)
 Metaspace       used 93380K, capacity 98006K, committed 98380K, reserved 1134592K
  class space    used 12396K, capacity 13360K, committed 13440K, reserved 1048576K
}
Event: 940.147 GC heap before
{Heap before GC invocations=25 (full 4):
 PSYoungGen      total 252928K, used 224256K [0x00000000e0000000, 0x00000000f2900000, 0x0000000100000000)
  eden space 224256K, 100% used [0x00000000e0000000,0x00000000edb00000,0x00000000edb00000)
  from space 28672K, 0% used [0x00000000ef780000,0x00000000ef780000,0x00000000f1380000)
  to   space 29184K, 0% used [0x00000000edb00000,0x00000000edb00000,0x00000000ef780000)
 ParOldGen       total 206848K, used 63990K [0x00000000a0000000, 0x00000000aca00000, 0x00000000e0000000)
  object space 206848K, 30% used [0x00000000a0000000,0x00000000a3e7db00,0x00000000aca00000)
 Metaspace       used 104557K, capacity 109276K, committed 109644K, reserved 1144832K
  class space    used 13634K, capacity 14635K, committed 14720K, reserved 1048576K
Event: 940.319 GC heap after
Heap after GC invocations=25 (full 4):
 PSYoungGen      total 253440K, used 29160K [0x00000000e0000000, 0x00000000f2900000, 0x0000000100000000)
  eden space 224256K, 0% used [0x00000000e0000000,0x00000000e0000000,0x00000000edb00000)
  from space 29184K, 99% used [0x00000000edb00000,0x00000000ef77a2b0,0x00000000ef780000)
  to   space 28672K, 0% used [0x00000000ef780000,0x00000000ef780000,0x00000000f1380000)
 ParOldGen       total 206848K, used 136275K [0x00000000a0000000, 0x00000000aca00000, 0x00000000e0000000)
  object space 206848K, 65% used [0x00000000a0000000,0x00000000a8514e98,0x00000000aca00000)
 Metaspace       used 104557K, capacity 109276K, committed 109644K, reserved 1144832K
  class space    used 13634K, capacity 14635K, committed 14720K, reserved 1048576K
}
Event: 942.697 GC heap before
{Heap before GC invocations=26 (full 4):
 PSYoungGen      total 253440K, used 253416K [0x00000000e0000000, 0x00000000f2900000, 0x0000000100000000)
  eden space 224256K, 100% used [0x00000000e0000000,0x00000000edb00000,0x00000000edb00000)
  from space 29184K, 99% used [0x00000000edb00000,0x00000000ef77a2b0,0x00000000ef780000)
  to   space 28672K, 0% used [0x00000000ef780000,0x00000000ef780000,0x00000000f1380000)
 ParOldGen       total 206848K, used 136275K [0x00000000a0000000, 0x00000000aca00000, 0x00000000e0000000)
  object space 206848K, 65% used [0x00000000a0000000,0x00000000a8514e98,0x00000000aca00000)
 Metaspace       used 106458K, capacity 111294K, committed 111564K, reserved 1146880K
  class space    used 13816K, capacity 14782K, committed 14848K, reserved 1048576K
Event: 942.785 GC heap after
Heap after GC invocations=26 (full 4):
 PSYoungGen      total 252928K, used 28661K [0x00000000e0000000, 0x00000000f2900000, 0x0000000100000000)
  eden space 224256K, 0% used [0x00000000e0000000,0x00000000e0000000,0x00000000edb00000)
  from space 28672K, 99% used [0x00000000ef780000,0x00000000f137d578,0x00000000f1380000)
  to   space 29184K, 0% used [0x00000000edb00000,0x00000000edb00000,0x00000000ef780000)
 ParOldGen       total 206848K, used 164782K [0x00000000a0000000, 0x00000000aca00000, 0x00000000e0000000)
  object space 206848K, 79% used [0x00000000a0000000,0x00000000aa0eb8f8,0x00000000aca00000)
 Metaspace       used 106458K, capacity 111294K, committed 111564K, reserved 1146880K
  class space    used 13816K, capacity 14782K, committed 14848K, reserved 1048576K
}
Event: 942.785 GC heap before
{Heap before GC invocations=27 (full 5):
 PSYoungGen      total 252928K, used 28661K [0x00000000e0000000, 0x00000000f2900000, 0x0000000100000000)
  eden space 224256K, 0% used [0x00000000e0000000,0x00000000e0000000,0x00000000edb00000)
  from space 28672K, 99% used [0x00000000ef780000,0x00000000f137d578,0x00000000f1380000)
  to   space 29184K, 0% used [0x00000000edb00000,0x00000000edb00000,0x00000000ef780000)
 ParOldGen       total 206848K, used 164782K [0x00000000a0000000, 0x00000000aca00000, 0x00000000e0000000)
  object space 206848K, 79% used [0x00000000a0000000,0x00000000aa0eb8f8,0x00000000aca00000)
 Metaspace       used 106458K, capacity 111294K, committed 111564K, reserved 1146880K
  class space    used 13816K, capacity 14782K, committed 14848K, reserved 1048576K
Event: 943.035 GC heap after
Heap after GC invocations=27 (full 5):
 PSYoungGen      total 252928K, used 0K [0x00000000e0000000, 0x00000000f2900000, 0x0000000100000000)
  eden space 224256K, 0% used [0x00000000e0000000,0x00000000e0000000,0x00000000edb00000)
  from space 28672K, 0% used [0x00000000ef780000,0x00000000ef780000,0x00000000f1380000)
  to   space 29184K, 0% used [0x00000000edb00000,0x00000000edb00000,0x00000000ef780000)
 ParOldGen       total 206848K, used 78298K [0x00000000a0000000, 0x00000000aca00000, 0x00000000e0000000)
  object space 206848K, 37% used [0x00000000a0000000,0x00000000a4c76878,0x00000000aca00000)
 Metaspace       used 106458K, capacity 111294K, committed 111564K, reserved 1146880K
  class space    used 13816K, capacity 14782K, committed 14848K, reserved 1048576K
}

